# JRE version: OpenJDK Runtime Environment (8.0_242-b01) (build 1.8.0_242-release-1644-b01)
# Java VM: OpenJDK 64-Bit Server VM (25.242-b01 mixed mode windows-amd64 compressed oops)
Heap:
 PSYoungGen      total 407040K, used 223037K [0x00000000d5580000, 0x00000000f2e80000, 0x0000000100000000)
  eden space 379904K, 51% used [0x00000000d5580000,0x00000000e153dd38,0x00000000ec880000)
  from space 27136K, 98% used [0x00000000f1400000,0x00000000f2e116d8,0x00000000f2e80000)
  to   space 50176K, 0% used [0x00000000ecc80000,0x00000000ecc80000,0x00000000efd80000)
 ParOldGen       total 219648K, used 114552K [0x0000000080000000, 0x000000008d680000, 0x00000000d5580000)
  object space 219648K, 52% used [0x0000000080000000,0x0000000086fde2d0,0x000000008d680000)
 Metaspace       used 91906K, capacity 96518K, committed 97176K, reserved 1132544K
  class space    used 12089K, capacity 12963K, committed 13232K, reserved 1048576K
GC Heap History (10 events):
Event: 34.155 GC heap before
{Heap before GC invocations=16 (full 3):
 PSYoungGen      total 261632K, used 261609K [0x00000000d5580000, 0x00000000e7300000, 0x0000000100000000)
  eden space 241152K, 100% used [0x00000000d5580000,0x00000000e4100000,0x00000000e4100000)
  from space 20480K, 99% used [0x00000000e5b80000,0x00000000e6f7a4d0,0x00000000e6f80000)
  to   space 25600K, 0% used [0x00000000e4100000,0x00000000e4100000,0x00000000e5a00000)
 ParOldGen       total 105984K, used 44664K [0x0000000080000000, 0x0000000086780000, 0x00000000d5580000)
  object space 105984K, 42% used [0x0000000080000000,0x0000000082b9e010,0x0000000086780000)
 Metaspace       used 69897K, capacity 73156K, committed 73368K, reserved 1112064K
  class space    used 9513K, capacity 10155K, committed 10160K, reserved 1048576K
Event: 34.191 GC heap after
Heap after GC invocations=16 (full 3):
 PSYoungGen      total 266752K, used 19219K [0x00000000d5580000, 0x00000000ebe00000, 0x0000000100000000)
  eden space 241152K, 0% used [0x00000000d5580000,0x00000000d5580000,0x00000000e4100000)
  from space 25600K, 75% used [0x00000000e4100000,0x00000000e53c4d48,0x00000000e5a00000)
  to   space 27136K, 0% used [0x00000000ea380000,0x00000000ea380000,0x00000000ebe00000)
 ParOldGen       total 105984K, used 63495K [0x0000000080000000, 0x0000000086780000, 0x00000000d5580000)
  object space 105984K, 59% used [0x0000000080000000,0x0000000083e01f68,0x0000000086780000)
 Metaspace       used 69897K, capacity 73156K, committed 73368K, reserved 1112064K
  class space    used 9513K, capacity 10155K, committed 10160K, reserved 1048576K
}
Event: 38.335 GC heap before
{Heap before GC invocations=17 (full 3):
 PSYoungGen      total 266752K, used 260371K [0x00000000d5580000, 0x00000000ebe00000, 0x0000000100000000)
  eden space 241152K, 100% used [0x00000000d5580000,0x00000000e4100000,0x00000000e4100000)
  from space 25600K, 75% used [0x00000000e4100000,0x00000000e53c4d48,0x00000000e5a00000)
  to   space 27136K, 0% used [0x00000000ea380000,0x00000000ea380000,0x00000000ebe00000)
 ParOldGen       total 105984K, used 63495K [0x0000000080000000, 0x0000000086780000, 0x00000000d5580000)
  object space 105984K, 59% used [0x0000000080000000,0x0000000083e01f68,0x0000000086780000)
 Metaspace       used 76462K, capacity 79882K, committed 80152K, reserved 1118208K
  class space    used 10322K, capacity 10953K, committed 11056K, reserved 1048576K
Event: 38.388 GC heap after
Heap after GC invocations=17 (full 3):
 PSYoungGen      total 337920K, used 25997K [0x00000000d5580000, 0x00000000ec300000, 0x0000000100000000)
  eden space 310784K, 0% used [0x00000000d5580000,0x00000000d5580000,0x00000000e8500000)
  from space 27136K, 95% used [0x00000000ea380000,0x00000000ebce3558,0x00000000ebe00000)
  to   space 31232K, 0% used [0x00000000e8500000,0x00000000e8500000,0x00000000ea380000)
 ParOldGen       total 105984K, used 73979K [0x0000000080000000, 0x0000000086780000, 0x00000000d5580000)
  object space 105984K, 69% used [0x0000000080000000,0x000000008483ec00,0x0000000086780000)
 Metaspace       used 76462K, capacity 79882K, committed 80152K, reserved 1118208K
  class space    used 10322K, capacity 10953K, committed 11056K, reserved 1048576K
}
Event: 42.860 GC heap before
{Heap before GC invocations=18 (full 3):
 PSYoungGen      total 337920K, used 336781K [0x00000000d5580000, 0x00000000ec300000, 0x0000000100000000)
  eden space 310784K, 100% used [0x00000000d5580000,0x00000000e8500000,0x00000000e8500000)
  from space 27136K, 95% used [0x00000000ea380000,0x00000000ebce3558,0x00000000ebe00000)
  to   space 31232K, 0% used [0x00000000e8500000,0x00000000e8500000,0x00000000ea380000)
 ParOldGen       total 105984K, used 73979K [0x0000000080000000, 0x0000000086780000, 0x00000000d5580000)
  object space 105984K, 69% used [0x0000000080000000,0x000000008483ec00,0x0000000086780000)
 Metaspace       used 86674K, capacity 91540K, committed 91672K, reserved 1128448K
  class space    used 11819K, capacity 12770K, committed 12848K, reserved 1048576K
Event: 42.967 GC heap after
Heap after GC invocations=18 (full 3):
 PSYoungGen      total 342016K, used 31230K [0x00000000d5580000, 0x00000000f4580000, 0x0000000100000000)
  eden space 310784K, 0% used [0x00000000d5580000,0x00000000d5580000,0x00000000e8500000)
  from space 31232K, 99% used [0x00000000e8500000,0x00000000ea37f8a0,0x00000000ea380000)
  to   space 50688K, 0% used [0x00000000f1400000,0x00000000f1400000,0x00000000f4580000)
 ParOldGen       total 113664K, used 113328K [0x0000000080000000, 0x0000000086f00000, 0x00000000d5580000)
  object space 113664K, 99% used [0x0000000080000000,0x0000000086eac3d8,0x0000000086f00000)
 Metaspace       used 86674K, capacity 91540K, committed 91672K, reserved 1128448K
  class space    used 11819K, capacity 12770K, committed 12848K, reserved 1048576K
}
Event: 42.967 GC heap before
{Heap before GC invocations=19 (full 4):
 PSYoungGen      total 342016K, used 31230K [0x00000000d5580000, 0x00000000f4580000, 0x0000000100000000)
  eden space 310784K, 0% used [0x00000000d5580000,0x00000000d5580000,0x00000000e8500000)
  from space 31232K, 99% used [0x00000000e8500000,0x00000000ea37f8a0,0x00000000ea380000)
  to   space 50688K, 0% used [0x00000000f1400000,0x00000000f1400000,0x00000000f4580000)
 ParOldGen       total 113664K, used 113328K [0x0000000080000000, 0x0000000086f00000, 0x00000000d5580000)
  object space 113664K, 99% used [0x0000000080000000,0x0000000086eac3d8,0x0000000086f00000)
 Metaspace       used 86674K, capacity 91540K, committed 91672K, reserved 1128448K
  class space    used 11819K, capacity 12770K, committed 12848K, reserved 1048576K
Event: 43.827 GC heap after
Heap after GC invocations=19 (full 4):
 PSYoungGen      total 342016K, used 1021K [0x00000000d5580000, 0x00000000f4580000, 0x0000000100000000)
  eden space 310784K, 0% used [0x00000000d5580000,0x00000000d5580000,0x00000000e8500000)
  from space 31232K, 3% used [0x00000000e8500000,0x00000000e85ff468,0x00000000ea380000)
  to   space 50688K, 0% used [0x00000000f1400000,0x00000000f1400000,0x00000000f4580000)
 ParOldGen       total 219648K, used 113504K [0x0000000080000000, 0x000000008d680000, 0x00000000d5580000)
  object space 219648K, 51% used [0x0000000080000000,0x0000000086ed82d0,0x000000008d680000)
 Metaspace       used 86206K, capacity 90434K, committed 91672K, reserved 1128448K
  class space    used 11652K, capacity 12471K, committed 12848K, reserved 1048576K
}
Event: 208.494 GC heap before
{Heap before GC invocations=20 (full 4):
 PSYoungGen      total 342016K, used 311805K [0x00000000d5580000, 0x00000000f4580000, 0x0000000100000000)
  eden space 310784K, 100% used [0x00000000d5580000,0x00000000e8500000,0x00000000e8500000)
  from space 31232K, 3% used [0x00000000e8500000,0x00000000e85ff468,0x00000000ea380000)
  to   space 50688K, 0% used [0x00000000f1400000,0x00000000f1400000,0x00000000f4580000)
 ParOldGen       total 219648K, used 113504K [0x0000000080000000, 0x000000008d680000, 0x00000000d5580000)
  object space 219648K, 51% used [0x0000000080000000,0x0000000086ed82d0,0x000000008d680000)
 Metaspace       used 91404K, capacity 95794K, committed 96664K, reserved 1132544K
  class space    used 12067K, capacity 12923K, committed 13232K, reserved 1048576K
Event: 208.558 GC heap after
Heap after GC invocations=20 (full 4):
 PSYoungGen      total 407040K, used 26693K [0x00000000d5580000, 0x00000000f2e80000, 0x0000000100000000)
  eden space 379904K, 0% used [0x00000000d5580000,0x00000000d5580000,0x00000000ec880000)
  from space 27136K, 98% used [0x00000000f1400000,0x00000000f2e116d8,0x00000000f2e80000)
  to   space 50176K, 0% used [0x00000000ecc80000,0x00000000ecc80000,0x00000000efd80000)
 ParOldGen       total 219648K, used 114552K [0x0000000080000000, 0x000000008d680000, 0x00000000d5580000)
  object space 219648K, 52% used [0x0000000080000000,0x0000000086fde2d0,0x000000008d680000)
 Metaspace       used 91404K, capacity 95794K, committed 96664K, reserved 1132544K
  class space    used 12067K, capacity 12923K, committed 13232K, reserved 1048576K
}

